Vivado Simulator v2025.1.0
Copyright 1986-2022 Xilinx, Inc. All Rights Reserved.
Copyright 2022-2025 Advanced Micro Devices, Inc. All Rights Reserved.
Running: C:/Xilinx/2025.1/Vivado/bin/unwrapped/win64.o/xelab.exe --incr --debug typical --relax --mt 2 -L xil_defaultlib -L uvm -L unisims_ver -L unimacro_ver -L secureip --snapshot car_check_tb_behav xil_defaultlib.car_check_tb xil_defaultlib.glbl -log elaborate.log 
Using 2 slave threads.
Starting static elaboration
Pass Through NonSizing Optimizer
Completed static elaboration
Starting simulation data flow analysis
Completed simulation data flow analysis
Time Resolution for simulation is 1ps
Compiling module xil_defaultlib.debouncer
Compiling module xil_defaultlib.fsm
Compiling module xil_defaultlib.counter
Compiling module xil_defaultlib.car_check
Compiling module xil_defaultlib.stim_gen
Compiling module xil_defaultlib.scoreboard
Compiling module xil_defaultlib.car_check_tb
Compiling module xil_defaultlib.glbl
Built simulation snapshot car_check_tb_behav
