
*** Running vivado
    with args -log car_check.vds -m64 -product Vivado -mode batch -messageDb vivado.pb -notrace -source car_check.tcl


ECHO is off.
ECHO is off.

****** Vivado v2023.2 (64-bit)
  **** SW Build 4029153 on Fri Oct 13 20:14:34 MDT 2023
  **** IP Build 4028589 on Sat Oct 14 00:45:43 MDT 2023
  **** SharedData Build 4025554 on Tue Oct 10 17:18:54 MDT 2023
    ** Copyright 1986-2022 Xilinx, Inc. All Rights Reserved.
    ** Copyright 2022-2023 Advanced Micro Devices, Inc. All Rights Reserved.

source car_check.tcl -notrace
Command: read_checkpoint -auto_incremental -incremental C:/Users/mattp/MAI/5M01/lab02/lab02.srcs/utils_1/imports/synth_1/car_check.dcp
INFO: [Vivado 12-5825] Read reference checkpoint from C:/Users/mattp/MAI/5M01/lab02/lab02.srcs/utils_1/imports/synth_1/car_check.dcp for incremental synthesis
INFO: [Vivado 12-7989] Please ensure there are no constraint changes
Command: synth_design -top car_check -part xc7z020clg400-1
Starting synth_design
Attempting to get a license for feature 'Synthesis' and/or device 'xc7z020'
INFO: [Common 17-349] Got license for feature 'Synthesis' and/or device 'xc7z020'
INFO: [Device 21-403] Loading part xc7z020clg400-1
INFO: [Designutils 20-5440] No compile time benefit to using incremental synthesis; A full resynthesis will be run
INFO: [Designutils 20-4379] Flow is switching to default flow due to incremental criteria not met. If you would like to alter this behaviour and have the flow terminate instead, please set the following parameter config_implementation {autoIncr.Synth.RejectBehavior Terminate}
INFO: [Synth 8-7079] Multithreading enabled for synth_design using a maximum of 2 processes.
INFO: [Synth 8-7078] Launching helper process for spawning children vivado processes
INFO: [Synth 8-7075] Helper process launched with PID 44808
---------------------------------------------------------------------------------
Starting RTL Elaboration : Time (s): cpu = 00:00:05 ; elapsed = 00:00:05 . Memory (MB): peak = 1349.820 ; gain = 440.309
---------------------------------------------------------------------------------
INFO: [Synth 8-11241] undeclared symbol 'clk', assumed default net type 'wire' [C:/Users/mattp/MAI/5M01/lab02/lab02.srcs/sources_1/new/car_check.v:25]
INFO: [Synth 8-6157] synthesizing module 'car_check' [C:/Users/mattp/MAI/5M01/lab02/lab02.srcs/sources_1/new/car_check.v:3]
INFO: [Synth 8-6157] synthesizing module 'fsm' [C:/Users/mattp/MAI/5M01/lab02/lab02.srcs/sources_1/new/fsm2.v:3]
INFO: [Synth 8-6155] done synthesizing module 'fsm' (0#1) [C:/Users/mattp/MAI/5M01/lab02/lab02.srcs/sources_1/new/fsm2.v:3]
INFO: [Synth 8-6157] synthesizing module 'counter' [C:/Users/mattp/MAI/5M01/lab02/lab02.srcs/sources_1/new/counter.v:3]
INFO: [Synth 8-6155] done synthesizing module 'counter' (0#1) [C:/Users/mattp/MAI/5M01/lab02/lab02.srcs/sources_1/new/counter.v:3]
INFO: [Synth 8-6157] synthesizing module 'debouncer' [C:/Users/mattp/MAI/5M01/lab02/lab02.srcs/sources_1/new/debouncer.sv:23]
INFO: [Synth 8-6155] done synthesizing module 'debouncer' (0#1) [C:/Users/mattp/MAI/5M01/lab02/lab02.srcs/sources_1/new/debouncer.sv:23]
WARNING: [Synth 8-689] width (3) of port connection 'button' does not match port width (1) of module 'debouncer' [C:/Users/mattp/MAI/5M01/lab02/lab02.srcs/sources_1/new/car_check.v:27]
WARNING: [Synth 8-689] width (3) of port connection 'button_db' does not match port width (1) of module 'debouncer' [C:/Users/mattp/MAI/5M01/lab02/lab02.srcs/sources_1/new/car_check.v:27]
INFO: [Synth 8-6155] done synthesizing module 'car_check' (0#1) [C:/Users/mattp/MAI/5M01/lab02/lab02.srcs/sources_1/new/car_check.v:3]
WARNING: [Synth 8-3848] Net clk in module/entity car_check does not have driver. [C:/Users/mattp/MAI/5M01/lab02/lab02.srcs/sources_1/new/car_check.v:25]
WARNING: [Synth 8-3848] Net clk in module/entity car_check does not have driver. [C:/Users/mattp/MAI/5M01/lab02/lab02.srcs/sources_1/new/car_check.v:25]
WARNING: [Synth 8-7129] Port sysclk in module car_check is either unconnected or has no load
WARNING: [Synth 8-7129] Port btn[2] in module car_check is either unconnected or has no load
WARNING: [Synth 8-7129] Port btn[1] in module car_check is either unconnected or has no load
---------------------------------------------------------------------------------
Finished RTL Elaboration : Time (s): cpu = 00:00:07 ; elapsed = 00:00:06 . Memory (MB): peak = 1456.934 ; gain = 547.422
---------------------------------------------------------------------------------
---------------------------------------------------------------------------------
Start Handling Custom Attributes
---------------------------------------------------------------------------------
---------------------------------------------------------------------------------
Finished Handling Custom Attributes : Time (s): cpu = 00:00:07 ; elapsed = 00:00:06 . Memory (MB): peak = 1456.934 ; gain = 547.422
---------------------------------------------------------------------------------
---------------------------------------------------------------------------------
Finished RTL Optimization Phase 1 : Time (s): cpu = 00:00:07 ; elapsed = 00:00:06 . Memory (MB): peak = 1456.934 ; gain = 547.422
---------------------------------------------------------------------------------
Netlist sorting complete. Time (s): cpu = 00:00:00 ; elapsed = 00:00:00 . Memory (MB): peak = 1456.934 ; gain = 0.000
INFO: [Project 1-570] Preparing netlist for logic optimization

Processing XDC Constraints
Initializing timing engine
Parsing XDC File [C:/Users/mattp/MAI/5M01/lab02/lab02.srcs/constrs_1/imports/lab0/PYNQ-Z2 v1.0.xdc]
Finished Parsing XDC File [C:/Users/mattp/MAI/5M01/lab02/lab02.srcs/constrs_1/imports/lab0/PYNQ-Z2 v1.0.xdc]
INFO: [Project 1-236] Implementation specific constraints were found while reading constraint file [C:/Users/mattp/MAI/5M01/lab02/lab02.srcs/constrs_1/imports/lab0/PYNQ-Z2 v1.0.xdc]. These constraints will be ignored for synthesis but will be used in implementation. Impacted constraints are listed in the file [.Xil/car_check_propImpl.xdc].
Resolution: To avoid this warning, move constraints listed in [.Xil/car_check_propImpl.xdc] to another XDC file and exclude this new file from synthesis with the used_in_synthesis property (File Properties dialog in GUI) and re-run elaboration/synthesis.
Completed Processing XDC Constraints

Netlist sorting complete. Time (s): cpu = 00:00:00 ; elapsed = 00:00:00 . Memory (MB): peak = 1538.926 ; gain = 0.000
INFO: [Project 1-111] Unisim Transformation Summary:
No Unisim elements were transformed.

The system cannot find the path specified.
Constraint Validation Runtime : Time (s): cpu = 00:00:00 ; elapsed = 00:00:00.003 . Memory (MB): peak = 1538.926 ; gain = 0.000
INFO: [Designutils 20-5440] No compile time benefit to using incremental synthesis; A full resynthesis will be run
INFO: [Designutils 20-4379] Flow is switching to default flow due to incremental criteria not met. If you would like to alter this behaviour and have the flow terminate instead, please set the following parameter config_implementation {autoIncr.Synth.RejectBehavior Terminate}
---------------------------------------------------------------------------------
Finished Constraint Validation : Time (s): cpu = 00:00:13 ; elapsed = 00:00:13 . Memory (MB): peak = 1538.926 ; gain = 629.414
---------------------------------------------------------------------------------
---------------------------------------------------------------------------------
Start Loading Part and Timing Information
---------------------------------------------------------------------------------
Loading part: xc7z020clg400-1
---------------------------------------------------------------------------------
Finished Loading Part and Timing Information : Time (s): cpu = 00:00:13 ; elapsed = 00:00:13 . Memory (MB): peak = 1538.926 ; gain = 629.414
---------------------------------------------------------------------------------
---------------------------------------------------------------------------------
Start Applying 'set_property' XDC Constraints
---------------------------------------------------------------------------------
---------------------------------------------------------------------------------
Finished applying 'set_property' XDC Constraints : Time (s): cpu = 00:00:13 ; elapsed = 00:00:13 . Memory (MB): peak = 1538.926 ; gain = 629.414
---------------------------------------------------------------------------------
INFO: [Synth 8-802] inferred FSM for state register 'st_reg' in module 'fsm'
---------------------------------------------------------------------------------------------------
                   State |                     New Encoding |                Previous Encoding 
---------------------------------------------------------------------------------------------------
                      wt |                              000 |                              000
                   sens1 |                              001 |                              001
                   sens2 |                              010 |                              010
                   enter |                              011 |                              101
                   sens3 |                              100 |                              011
                   sens4 |                              101 |                              100
                    exit |                              110 |                              110
---------------------------------------------------------------------------------------------------
INFO: [Synth 8-3354] encoded FSM with state register 'st_reg' using encoding 'sequential' in module 'fsm'
---------------------------------------------------------------------------------
Finished RTL Optimization Phase 2 : Time (s): cpu = 00:00:13 ; elapsed = 00:00:14 . Memory (MB): peak = 1538.926 ; gain = 629.414
---------------------------------------------------------------------------------
---------------------------------------------------------------------------------
Start RTL Component Statistics 
---------------------------------------------------------------------------------
Detailed RTL Component Info : 
+---Adders : 
	   2 Input    4 Bit       Adders := 1     
+---Registers : 
	                4 Bit    Registers := 1     
	                1 Bit    Registers := 5     
+---Muxes : 
	   7 Input    3 Bit        Muxes := 2     
	   2 Input    3 Bit        Muxes := 5     
	   2 Input    2 Bit        Muxes := 1     
	   2 Input    1 Bit        Muxes := 5     
	   7 Input    1 Bit        Muxes := 1     
---------------------------------------------------------------------------------
Finished RTL Component Statistics 
---------------------------------------------------------------------------------
---------------------------------------------------------------------------------
Start Part Resource Summary
---------------------------------------------------------------------------------
Part Resources:
DSPs: 220 (col length:60)
BRAMs: 280 (col length: RAMB18 60 RAMB36 30)
---------------------------------------------------------------------------------
Finished Part Resource Summary
---------------------------------------------------------------------------------
---------------------------------------------------------------------------------
Start Cross Boundary and Area Optimization
---------------------------------------------------------------------------------
WARNING: [Synth 8-7080] Parallel synthesis criteria is not met
WARNING: [Synth 8-7129] Port sysclk in module car_check is either unconnected or has no load
WARNING: [Synth 8-7129] Port btn[2] in module car_check is either unconnected or has no load
WARNING: [Synth 8-7129] Port btn[1] in module car_check is either unconnected or has no load
---------------------------------------------------------------------------------
Finished Cross Boundary and Area Optimization : Time (s): cpu = 00:00:14 ; elapsed = 00:00:15 . Memory (MB): peak = 1538.926 ; gain = 629.414
---------------------------------------------------------------------------------
---------------------------------------------------------------------------------
Start Applying XDC Timing Constraints
---------------------------------------------------------------------------------
---------------------------------------------------------------------------------
Finished Applying XDC Timing Constraints : Time (s): cpu = 00:00:18 ; elapsed = 00:00:19 . Memory (MB): peak = 1538.926 ; gain = 629.414
---------------------------------------------------------------------------------
---------------------------------------------------------------------------------
Start Timing Optimization
---------------------------------------------------------------------------------
---------------------------------------------------------------------------------
Finished Timing Optimization : Time (s): cpu = 00:00:18 ; elapsed = 00:00:19 . Memory (MB): peak = 1538.926 ; gain = 629.414
---------------------------------------------------------------------------------
---------------------------------------------------------------------------------
Start Technology Mapping
---------------------------------------------------------------------------------
WARNING: [Synth 8-3332] Sequential element (fsm/FSM_sequential_st_reg[2]) is unused and will be removed from module car_check.
WARNING: [Synth 8-3332] Sequential element (fsm/FSM_sequential_st_reg[1]) is unused and will be removed from module car_check.
WARNING: [Synth 8-3332] Sequential element (fsm/FSM_sequential_st_reg[0]) is unused and will be removed from module car_check.
---------------------------------------------------------------------------------
Finished Technology Mapping : Time (s): cpu = 00:00:18 ; elapsed = 00:00:19 . Memory (MB): peak = 1538.926 ; gain = 629.414
---------------------------------------------------------------------------------
---------------------------------------------------------------------------------
Start IO Insertion
---------------------------------------------------------------------------------
---------------------------------------------------------------------------------
Start Flattening Before IO Insertion
---------------------------------------------------------------------------------
---------------------------------------------------------------------------------
Finished Flattening Before IO Insertion
---------------------------------------------------------------------------------
---------------------------------------------------------------------------------
Start Final Netlist Cleanup
---------------------------------------------------------------------------------
---------------------------------------------------------------------------------
Finished Final Netlist Cleanup
---------------------------------------------------------------------------------
---------------------------------------------------------------------------------
Finished IO Insertion : Time (s): cpu = 00:00:21 ; elapsed = 00:00:22 . Memory (MB): peak = 1538.926 ; gain = 629.414
---------------------------------------------------------------------------------
---------------------------------------------------------------------------------
Start Renaming Generated Instances
---------------------------------------------------------------------------------
---------------------------------------------------------------------------------
Finished Renaming Generated Instances : Time (s): cpu = 00:00:21 ; elapsed = 00:00:22 . Memory (MB): peak = 1538.926 ; gain = 629.414
---------------------------------------------------------------------------------
---------------------------------------------------------------------------------
Start Rebuilding User Hierarchy
---------------------------------------------------------------------------------
---------------------------------------------------------------------------------
Finished Rebuilding User Hierarchy : Time (s): cpu = 00:00:21 ; elapsed = 00:00:22 . Memory (MB): peak = 1538.926 ; gain = 629.414
---------------------------------------------------------------------------------
---------------------------------------------------------------------------------
Start Renaming Generated Ports
---------------------------------------------------------------------------------
---------------------------------------------------------------------------------
Finished Renaming Generated Ports : Time (s): cpu = 00:00:21 ; elapsed = 00:00:22 . Memory (MB): peak = 1538.926 ; gain = 629.414
---------------------------------------------------------------------------------
---------------------------------------------------------------------------------
Start Handling Custom Attributes
---------------------------------------------------------------------------------
---------------------------------------------------------------------------------
Finished Handling Custom Attributes : Time (s): cpu = 00:00:21 ; elapsed = 00:00:22 . Memory (MB): peak = 1538.926 ; gain = 629.414
---------------------------------------------------------------------------------
---------------------------------------------------------------------------------
Start Renaming Generated Nets
---------------------------------------------------------------------------------
---------------------------------------------------------------------------------
Finished Renaming Generated Nets : Time (s): cpu = 00:00:21 ; elapsed = 00:00:22 . Memory (MB): peak = 1538.926 ; gain = 629.414
---------------------------------------------------------------------------------
---------------------------------------------------------------------------------
Start Writing Synthesis Report
---------------------------------------------------------------------------------

Report BlackBoxes: 
+-+--------------+----------+
| |BlackBox name |Instances |
+-+--------------+----------+
+-+--------------+----------+

Report Cell Usage: 
+------+-----+------+
|      |Cell |Count |
+------+-----+------+
|1     |OBUF |     4|
+------+-----+------+
---------------------------------------------------------------------------------
Finished Writing Synthesis Report : Time (s): cpu = 00:00:21 ; elapsed = 00:00:22 . Memory (MB): peak = 1538.926 ; gain = 629.414
---------------------------------------------------------------------------------
Synthesis finished with 0 errors, 0 critical warnings and 7 warnings.
Synthesis Optimization Runtime : Time (s): cpu = 00:00:13 ; elapsed = 00:00:20 . Memory (MB): peak = 1538.926 ; gain = 547.422
Synthesis Optimization Complete : Time (s): cpu = 00:00:21 ; elapsed = 00:00:22 . Memory (MB): peak = 1538.926 ; gain = 629.414
INFO: [Project 1-571] Translating synthesized netlist
Netlist sorting complete. Time (s): cpu = 00:00:00 ; elapsed = 00:00:00 . Memory (MB): peak = 1538.926 ; gain = 0.000
INFO: [Project 1-570] Preparing netlist for logic optimization
INFO: [Opt 31-138] Pushed 0 inverter(s) to 0 load pin(s).
Netlist sorting complete. Time (s): cpu = 00:00:00 ; elapsed = 00:00:00 . Memory (MB): peak = 1538.926 ; gain = 0.000
INFO: [Project 1-111] Unisim Transformation Summary:
No Unisim elements were transformed.

The system cannot find the path specified.
Synth Design complete | Checksum: 60244eec
INFO: [Common 17-83] Releasing license: Synthesis
30 Infos, 14 Warnings, 0 Critical Warnings and 0 Errors encountered.
synth_design completed successfully
synth_design: Time (s): cpu = 00:00:24 ; elapsed = 00:00:27 . Memory (MB): peak = 1538.926 ; gain = 1051.457
Write ShapeDB Complete: Time (s): cpu = 00:00:00 ; elapsed = 00:00:00.001 . Memory (MB): peak = 1538.926 ; gain = 0.000
INFO: [Common 17-1381] The checkpoint 'C:/Users/mattp/MAI/5M01/lab02/lab02.runs/synth_1/car_check.dcp' has been generated.
INFO: [runtcl-4] Executing : report_utilization -file car_check_utilization_synth.rpt -pb car_check_utilization_synth.pb
INFO: [Common 17-206] Exiting Vivado at Tue Oct  7 12:54:46 2025...
