
*** Running vivado
    with args -log lab0_top.vdi -applog -m64 -product Vivado -messageDb vivado.pb -mode batch -source lab0_top.tcl -notrace


****** Vivado v2023.2 (64-bit)
  **** SW Build 4029153 on Fri Oct 13 20:13:54 MDT 2023
  **** IP Build 4028589 on Sat Oct 14 00:45:43 MDT 2023
  **** SharedData Build 4025554 on Tue Oct 10 17:18:54 MDT 2023
    ** Copyright 1986-2022 Xilinx, Inc. All Rights Reserved.
    ** Copyright 2022-2023 Advanced Micro Devices, Inc. All Rights Reserved.

source lab0_top.tcl -notrace
create_project: Time (s): cpu = 00:00:05 ; elapsed = 00:00:05 . Memory (MB): peak = 1318.613 ; gain = 0.027 ; free physical = 4770 ; free virtual = 25783
Command: link_design -top lab0_top -part xc7z020clg400-1
Design is defaulting to srcset: sources_1
Design is defaulting to constrset: constrs_1
INFO: [Device 21-403] Loading part xc7z020clg400-1
Netlist sorting complete. Time (s): cpu = 00:00:00 ; elapsed = 00:00:00 . Memory (MB): peak = 1641.145 ; gain = 0.000 ; free physical = 4490 ; free virtual = 25504
INFO: [Project 1-479] Netlist was created with Vivado 2023.2
INFO: [Project 1-570] Preparing netlist for logic optimization
Parsing XDC File [/home/matt/MAI/ISD/lab0/lab0.srcs/constrs_1/imports/lab0/PYNQ-Z2 v1.0.xdc]
Finished Parsing XDC File [/home/matt/MAI/ISD/lab0/lab0.srcs/constrs_1/imports/lab0/PYNQ-Z2 v1.0.xdc]
INFO: [Opt 31-138] Pushed 0 inverter(s) to 0 load pin(s).
Netlist sorting complete. Time (s): cpu = 00:00:00 ; elapsed = 00:00:00 . Memory (MB): peak = 1802.738 ; gain = 0.000 ; free physical = 4417 ; free virtual = 25431
INFO: [Project 1-111] Unisim Transformation Summary:
No Unisim elements were transformed.

5 Infos, 0 Warnings, 0 Critical Warnings and 0 Errors encountered.
link_design completed successfully
Command: opt_design
Attempting to get a license for feature 'Implementation' and/or device 'xc7z020'
INFO: [Common 17-349] Got license for feature 'Implementation' and/or device 'xc7z020'
Running DRC as a precondition to command opt_design

Starting DRC Task
INFO: [DRC 23-27] Running DRC with 8 threads
INFO: [Project 1-461] DRC finished with 0 Errors
INFO: [Project 1-462] Please refer to the DRC report (report_drc) for more information.

Time (s): cpu = 00:00:00.38 ; elapsed = 00:00:00.34 . Memory (MB): peak = 1881.645 ; gain = 74.902 ; free physical = 4402 ; free virtual = 25416

Starting Cache Timing Information Task
INFO: [Timing 38-35] Done setting XDC timing constraints.
Ending Cache Timing Information Task | Checksum: a6e6f77e

Time (s): cpu = 00:00:05 ; elapsed = 00:00:05 . Memory (MB): peak = 2345.504 ; gain = 463.859 ; free physical = 3986 ; free virtual = 25001

Starting Logic Optimization Task

Phase 1 Initialization

Phase 1.1 Core Generation And Design Setup
Phase 1.1 Core Generation And Design Setup | Checksum: a6e6f77e

Time (s): cpu = 00:00:00 ; elapsed = 00:00:00 . Memory (MB): peak = 2651.340 ; gain = 0.000 ; free physical = 3598 ; free virtual = 24594

Phase 1.2 Setup Constraints And Sort Netlist
Phase 1.2 Setup Constraints And Sort Netlist | Checksum: a6e6f77e

Time (s): cpu = 00:00:00 ; elapsed = 00:00:00 . Memory (MB): peak = 2651.340 ; gain = 0.000 ; free physical = 3598 ; free virtual = 24594
Phase 1 Initialization | Checksum: a6e6f77e

Time (s): cpu = 00:00:00 ; elapsed = 00:00:00 . Memory (MB): peak = 2651.340 ; gain = 0.000 ; free physical = 3598 ; free virtual = 24594

Phase 2 Timer Update And Timing Data Collection

Phase 2.1 Timer Update
Phase 2.1 Timer Update | Checksum: a6e6f77e

Time (s): cpu = 00:00:00.01 ; elapsed = 00:00:00.01 . Memory (MB): peak = 2651.340 ; gain = 0.000 ; free physical = 3598 ; free virtual = 24594

Phase 2.2 Timing Data Collection
Phase 2.2 Timing Data Collection | Checksum: a6e6f77e

Time (s): cpu = 00:00:00.01 ; elapsed = 00:00:00.01 . Memory (MB): peak = 2651.340 ; gain = 0.000 ; free physical = 3598 ; free virtual = 24594
Phase 2 Timer Update And Timing Data Collection | Checksum: a6e6f77e

Time (s): cpu = 00:00:00.01 ; elapsed = 00:00:00.01 . Memory (MB): peak = 2651.340 ; gain = 0.000 ; free physical = 3598 ; free virtual = 24594

Phase 3 Retarget
INFO: [Opt 31-138] Pushed 0 inverter(s) to 0 load pin(s).
INFO: [Opt 31-49] Retargeted 0 cell(s).
Phase 3 Retarget | Checksum: a6e6f77e

Time (s): cpu = 00:00:00.01 ; elapsed = 00:00:00.02 . Memory (MB): peak = 2651.340 ; gain = 0.000 ; free physical = 3598 ; free virtual = 24594
Retarget | Checksum: a6e6f77e
INFO: [Opt 31-389] Phase Retarget created 0 cells and removed 0 cells

Phase 4 Constant propagation
INFO: [Opt 31-138] Pushed 0 inverter(s) to 0 load pin(s).
Phase 4 Constant propagation | Checksum: a6e6f77e

Time (s): cpu = 00:00:00.01 ; elapsed = 00:00:00.02 . Memory (MB): peak = 2651.340 ; gain = 0.000 ; free physical = 3598 ; free virtual = 24594
Constant propagation | Checksum: a6e6f77e
INFO: [Opt 31-389] Phase Constant propagation created 0 cells and removed 0 cells

Phase 5 Sweep
Phase 5 Sweep | Checksum: a6e6f77e

Time (s): cpu = 00:00:00.01 ; elapsed = 00:00:00.02 . Memory (MB): peak = 2651.340 ; gain = 0.000 ; free physical = 3598 ; free virtual = 24594
Sweep | Checksum: a6e6f77e
INFO: [Opt 31-389] Phase Sweep created 0 cells and removed 0 cells

Phase 6 BUFG optimization
Phase 6 BUFG optimization | Checksum: a6e6f77e

Time (s): cpu = 00:00:00.01 ; elapsed = 00:00:00.02 . Memory (MB): peak = 2683.355 ; gain = 32.016 ; free physical = 3598 ; free virtual = 24594
BUFG optimization | Checksum: a6e6f77e
INFO: [Opt 31-662] Phase BUFG optimization created 0 cells of which 0 are BUFGs and removed 0 cells.

Phase 7 Shift Register Optimization
INFO: [Opt 31-1064] SRL Remap converted 0 SRLs to 0 registers and converted 0 registers of register chains to 0 SRLs
Phase 7 Shift Register Optimization | Checksum: a6e6f77e

Time (s): cpu = 00:00:00.01 ; elapsed = 00:00:00.02 . Memory (MB): peak = 2683.355 ; gain = 32.016 ; free physical = 3598 ; free virtual = 24594
Shift Register Optimization | Checksum: a6e6f77e
INFO: [Opt 31-389] Phase Shift Register Optimization created 0 cells and removed 0 cells

Phase 8 Post Processing Netlist
Phase 8 Post Processing Netlist | Checksum: a6e6f77e

Time (s): cpu = 00:00:00.01 ; elapsed = 00:00:00.03 . Memory (MB): peak = 2683.355 ; gain = 32.016 ; free physical = 3598 ; free virtual = 24594
Post Processing Netlist | Checksum: a6e6f77e
INFO: [Opt 31-389] Phase Post Processing Netlist created 0 cells and removed 0 cells

Phase 9 Finalization

Phase 9.1 Finalizing Design Cores and Updating Shapes
Phase 9.1 Finalizing Design Cores and Updating Shapes | Checksum: a6e6f77e

Time (s): cpu = 00:00:00.02 ; elapsed = 00:00:00.03 . Memory (MB): peak = 2683.355 ; gain = 32.016 ; free physical = 3598 ; free virtual = 24594

Phase 9.2 Verifying Netlist Connectivity

Starting Connectivity Check Task

Time (s): cpu = 00:00:00 ; elapsed = 00:00:00 . Memory (MB): peak = 2683.355 ; gain = 0.000 ; free physical = 3598 ; free virtual = 24594
Phase 9.2 Verifying Netlist Connectivity | Checksum: a6e6f77e

Time (s): cpu = 00:00:00.02 ; elapsed = 00:00:00.03 . Memory (MB): peak = 2683.355 ; gain = 32.016 ; free physical = 3598 ; free virtual = 24594
Phase 9 Finalization | Checksum: a6e6f77e

Time (s): cpu = 00:00:00.02 ; elapsed = 00:00:00.03 . Memory (MB): peak = 2683.355 ; gain = 32.016 ; free physical = 3598 ; free virtual = 24594
Opt_design Change Summary
=========================


-------------------------------------------------------------------------------------------------------------------------
|  Phase                        |  #Cells created  |  #Cells Removed  |  #Constrained objects preventing optimizations  |
-------------------------------------------------------------------------------------------------------------------------
|  Retarget                     |               0  |               0  |                                              0  |
|  Constant propagation         |               0  |               0  |                                              0  |
|  Sweep                        |               0  |               0  |                                              0  |
|  BUFG optimization            |               0  |               0  |                                              0  |
|  Shift Register Optimization  |               0  |               0  |                                              0  |
|  Post Processing Netlist      |               0  |               0  |                                              0  |
-------------------------------------------------------------------------------------------------------------------------


Ending Logic Optimization Task | Checksum: a6e6f77e

Time (s): cpu = 00:00:00.02 ; elapsed = 00:00:00.03 . Memory (MB): peak = 2683.355 ; gain = 32.016 ; free physical = 3598 ; free virtual = 24594
INFO: [Constraints 18-11670] Building netlist checker database with flags, 0x8
Done building netlist checker database: Time (s): cpu = 00:00:00 ; elapsed = 00:00:00 . Memory (MB): peak = 2683.355 ; gain = 0.000 ; free physical = 3598 ; free virtual = 24594

Starting Power Optimization Task
INFO: [Pwropt 34-132] Skipping clock gating for clocks with a period < 2.00 ns.
Ending Power Optimization Task | Checksum: a6e6f77e

Time (s): cpu = 00:00:00 ; elapsed = 00:00:00 . Memory (MB): peak = 2683.355 ; gain = 0.000 ; free physical = 3598 ; free virtual = 24594

Starting Final Cleanup Task
Ending Final Cleanup Task | Checksum: a6e6f77e

Time (s): cpu = 00:00:00 ; elapsed = 00:00:00 . Memory (MB): peak = 2683.355 ; gain = 0.000 ; free physical = 3598 ; free virtual = 24594

Starting Netlist Obfuscation Task
Netlist sorting complete. Time (s): cpu = 00:00:00 ; elapsed = 00:00:00 . Memory (MB): peak = 2683.355 ; gain = 0.000 ; free physical = 3598 ; free virtual = 24594
Ending Netlist Obfuscation Task | Checksum: a6e6f77e

Time (s): cpu = 00:00:00 ; elapsed = 00:00:00 . Memory (MB): peak = 2683.355 ; gain = 0.000 ; free physical = 3598 ; free virtual = 24594
INFO: [Common 17-83] Releasing license: Implementation
23 Infos, 0 Warnings, 0 Critical Warnings and 0 Errors encountered.
opt_design completed successfully
opt_design: Time (s): cpu = 00:00:07 ; elapsed = 00:00:07 . Memory (MB): peak = 2683.355 ; gain = 876.613 ; free physical = 3598 ; free virtual = 24594
INFO: [runtcl-4] Executing : report_drc -file lab0_top_drc_opted.rpt -pb lab0_top_drc_opted.pb -rpx lab0_top_drc_opted.rpx
Command: report_drc -file lab0_top_drc_opted.rpt -pb lab0_top_drc_opted.pb -rpx lab0_top_drc_opted.rpx
INFO: [IP_Flow 19-234] Refreshing IP repositories
INFO: [IP_Flow 19-1704] No user IP repositories specified
INFO: [IP_Flow 19-2313] Loaded Vivado IP repository '/home/matt/Xilinx/Vivado/2023.2/data/ip'.
INFO: [DRC 23-27] Running DRC with 8 threads
INFO: [Vivado_Tcl 2-168] The results of DRC are in file /home/matt/MAI/ISD/lab0/lab0.runs/impl_1/lab0_top_drc_opted.rpt.
report_drc completed successfully
INFO: [Timing 38-480] Writing timing data to binary archive.
Write ShapeDB Complete: Time (s): cpu = 00:00:00 ; elapsed = 00:00:00 . Memory (MB): peak = 2755.391 ; gain = 0.000 ; free physical = 3555 ; free virtual = 24552
Wrote PlaceDB: Time (s): cpu = 00:00:00 ; elapsed = 00:00:00 . Memory (MB): peak = 2755.391 ; gain = 0.000 ; free physical = 3555 ; free virtual = 24552
Wrote PulsedLatchDB: Time (s): cpu = 00:00:00.01 ; elapsed = 00:00:00 . Memory (MB): peak = 2755.391 ; gain = 0.000 ; free physical = 3555 ; free virtual = 24552
Writing XDEF routing.
Writing XDEF routing logical nets.
Writing XDEF routing special nets.
Wrote RouteStorage: Time (s): cpu = 00:00:00.02 ; elapsed = 00:00:00.01 . Memory (MB): peak = 2755.391 ; gain = 0.000 ; free physical = 3554 ; free virtual = 24551
Wrote Netlist Cache: Time (s): cpu = 00:00:00 ; elapsed = 00:00:00 . Memory (MB): peak = 2755.391 ; gain = 0.000 ; free physical = 3554 ; free virtual = 24551
Wrote Device Cache: Time (s): cpu = 00:00:00.02 ; elapsed = 00:00:00.01 . Memory (MB): peak = 2755.391 ; gain = 0.000 ; free physical = 3552 ; free virtual = 24550
Write Physdb Complete: Time (s): cpu = 00:00:00.05 ; elapsed = 00:00:00.02 . Memory (MB): peak = 2755.391 ; gain = 0.000 ; free physical = 3552 ; free virtual = 24550
INFO: [Common 17-1381] The checkpoint '/home/matt/MAI/ISD/lab0/lab0.runs/impl_1/lab0_top_opt.dcp' has been generated.
Command: place_design
Attempting to get a license for feature 'Implementation' and/or device 'xc7z020'
INFO: [Common 17-349] Got license for feature 'Implementation' and/or device 'xc7z020'
INFO: [Common 17-83] Releasing license: Implementation
INFO: [DRC 23-27] Running DRC with 8 threads
INFO: [Vivado_Tcl 4-198] DRC finished with 0 Errors
INFO: [Vivado_Tcl 4-199] Please refer to the DRC report (report_drc) for more information.
Running DRC as a precondition to command place_design
INFO: [DRC 23-27] Running DRC with 8 threads
INFO: [Vivado_Tcl 4-198] DRC finished with 0 Errors
INFO: [Vivado_Tcl 4-199] Please refer to the DRC report (report_drc) for more information.
INFO: [Place 30-611] Multithreading enabled for place_design using a maximum of 8 CPUs

Starting Placer Task

Phase 1 Placer Initialization

Phase 1.1 Placer Initialization Netlist Sorting
Netlist sorting complete. Time (s): cpu = 00:00:00 ; elapsed = 00:00:00 . Memory (MB): peak = 2771.398 ; gain = 0.000 ; free physical = 3538 ; free virtual = 24536
Phase 1.1 Placer Initialization Netlist Sorting | Checksum: 3c1da17a

Time (s): cpu = 00:00:00 ; elapsed = 00:00:00 . Memory (MB): peak = 2771.398 ; gain = 0.000 ; free physical = 3538 ; free virtual = 24536
Netlist sorting complete. Time (s): cpu = 00:00:00 ; elapsed = 00:00:00 . Memory (MB): peak = 2771.398 ; gain = 0.000 ; free physical = 3538 ; free virtual = 24536

Phase 1.2 IO Placement/ Clock Placement/ Build Placer Device
INFO: [Timing 38-35] Done setting XDC timing constraints.
Phase 1.2 IO Placement/ Clock Placement/ Build Placer Device | Checksum: 3c1da17a

Time (s): cpu = 00:00:00.17 ; elapsed = 00:00:00.07 . Memory (MB): peak = 2771.398 ; gain = 0.000 ; free physical = 3538 ; free virtual = 24536

Phase 1.3 Build Placer Netlist Model
Phase 1.3 Build Placer Netlist Model | Checksum: 1222d914a

Time (s): cpu = 00:00:00.21 ; elapsed = 00:00:00.08 . Memory (MB): peak = 2771.398 ; gain = 0.000 ; free physical = 3538 ; free virtual = 24536

Phase 1.4 Constrain Clocks/Macros
Phase 1.4 Constrain Clocks/Macros | Checksum: 1222d914a

Time (s): cpu = 00:00:00.21 ; elapsed = 00:00:00.08 . Memory (MB): peak = 2771.398 ; gain = 0.000 ; free physical = 3538 ; free virtual = 24536
Phase 1 Placer Initialization | Checksum: 1222d914a

Time (s): cpu = 00:00:00.21 ; elapsed = 00:00:00.08 . Memory (MB): peak = 2771.398 ; gain = 0.000 ; free physical = 3538 ; free virtual = 24536

Phase 2 Final Placement Cleanup
Netlist sorting complete. Time (s): cpu = 00:00:00 ; elapsed = 00:00:00 . Memory (MB): peak = 2771.398 ; gain = 0.000 ; free physical = 3538 ; free virtual = 24536

Time (s): cpu = 00:00:00.21 ; elapsed = 00:00:00.08 . Memory (MB): peak = 2771.398 ; gain = 0.000 ; free physical = 3538 ; free virtual = 24536
INFO: [Place 30-281] No place-able instance is found; design doesn't contain any instance or all instances are placed
Ending Placer Task | Checksum: 3c1da17a

Time (s): cpu = 00:00:00.22 ; elapsed = 00:00:00.08 . Memory (MB): peak = 2771.398 ; gain = 0.000 ; free physical = 3538 ; free virtual = 24536
42 Infos, 0 Warnings, 0 Critical Warnings and 0 Errors encountered.
place_design completed successfully
INFO: [runtcl-4] Executing : report_io -file lab0_top_io_placed.rpt
report_io: Time (s): cpu = 00:00:00.06 ; elapsed = 00:00:00.12 . Memory (MB): peak = 2771.398 ; gain = 0.000 ; free physical = 3537 ; free virtual = 24534
INFO: [runtcl-4] Executing : report_utilization -file lab0_top_utilization_placed.rpt -pb lab0_top_utilization_placed.pb
INFO: [runtcl-4] Executing : report_control_sets -verbose -file lab0_top_control_sets_placed.rpt
report_control_sets: Time (s): cpu = 00:00:00.01 ; elapsed = 00:00:00.05 . Memory (MB): peak = 2771.398 ; gain = 0.000 ; free physical = 3535 ; free virtual = 24532
INFO: [Timing 38-480] Writing timing data to binary archive.
Write ShapeDB Complete: Time (s): cpu = 00:00:00 ; elapsed = 00:00:00 . Memory (MB): peak = 2771.398 ; gain = 0.000 ; free physical = 3540 ; free virtual = 24537
Wrote PlaceDB: Time (s): cpu = 00:00:00 ; elapsed = 00:00:00 . Memory (MB): peak = 2771.398 ; gain = 0.000 ; free physical = 3540 ; free virtual = 24537
Wrote PulsedLatchDB: Time (s): cpu = 00:00:00 ; elapsed = 00:00:00 . Memory (MB): peak = 2771.398 ; gain = 0.000 ; free physical = 3540 ; free virtual = 24537
Writing XDEF routing.
Writing XDEF routing logical nets.
Writing XDEF routing special nets.
Wrote RouteStorage: Time (s): cpu = 00:00:00.04 ; elapsed = 00:00:00.02 . Memory (MB): peak = 2771.398 ; gain = 0.000 ; free physical = 3539 ; free virtual = 24536
Wrote Netlist Cache: Time (s): cpu = 00:00:00 ; elapsed = 00:00:00 . Memory (MB): peak = 2771.398 ; gain = 0.000 ; free physical = 3539 ; free virtual = 24536
Wrote Device Cache: Time (s): cpu = 00:00:00.01 ; elapsed = 00:00:00 . Memory (MB): peak = 2771.398 ; gain = 0.000 ; free physical = 3539 ; free virtual = 24537
Write Physdb Complete: Time (s): cpu = 00:00:00.05 ; elapsed = 00:00:00.03 . Memory (MB): peak = 2771.398 ; gain = 0.000 ; free physical = 3538 ; free virtual = 24536
INFO: [Common 17-1381] The checkpoint '/home/matt/MAI/ISD/lab0/lab0.runs/impl_1/lab0_top_placed.dcp' has been generated.
Command: phys_opt_design
Attempting to get a license for feature 'Implementation' and/or device 'xc7z020'
INFO: [Common 17-349] Got license for feature 'Implementation' and/or device 'xc7z020'

Starting Initial Update Timing Task

Time (s): cpu = 00:00:00 ; elapsed = 00:00:00.01 . Memory (MB): peak = 2771.398 ; gain = 0.000 ; free physical = 3529 ; free virtual = 24527
INFO: [Vivado_Tcl 4-235] No timing constraint found. The netlist was not modified.
INFO: [Common 17-83] Releasing license: Implementation
50 Infos, 0 Warnings, 0 Critical Warnings and 0 Errors encountered.
phys_opt_design completed successfully
INFO: [Timing 38-480] Writing timing data to binary archive.
Write ShapeDB Complete: Time (s): cpu = 00:00:00 ; elapsed = 00:00:00 . Memory (MB): peak = 2771.398 ; gain = 0.000 ; free physical = 3525 ; free virtual = 24523
Wrote PlaceDB: Time (s): cpu = 00:00:00 ; elapsed = 00:00:00 . Memory (MB): peak = 2771.398 ; gain = 0.000 ; free physical = 3525 ; free virtual = 24523
Wrote PulsedLatchDB: Time (s): cpu = 00:00:00 ; elapsed = 00:00:00 . Memory (MB): peak = 2771.398 ; gain = 0.000 ; free physical = 3525 ; free virtual = 24523
Writing XDEF routing.
Writing XDEF routing logical nets.
Writing XDEF routing special nets.
Wrote RouteStorage: Time (s): cpu = 00:00:00.03 ; elapsed = 00:00:00.02 . Memory (MB): peak = 2771.398 ; gain = 0.000 ; free physical = 3525 ; free virtual = 24522
Wrote Netlist Cache: Time (s): cpu = 00:00:00 ; elapsed = 00:00:00 . Memory (MB): peak = 2771.398 ; gain = 0.000 ; free physical = 3525 ; free virtual = 24522
Wrote Device Cache: Time (s): cpu = 00:00:00.01 ; elapsed = 00:00:00.01 . Memory (MB): peak = 2771.398 ; gain = 0.000 ; free physical = 3524 ; free virtual = 24523
Write Physdb Complete: Time (s): cpu = 00:00:00.05 ; elapsed = 00:00:00.03 . Memory (MB): peak = 2771.398 ; gain = 0.000 ; free physical = 3524 ; free virtual = 24523
INFO: [Common 17-1381] The checkpoint '/home/matt/MAI/ISD/lab0/lab0.runs/impl_1/lab0_top_physopt.dcp' has been generated.
Command: route_design
Attempting to get a license for feature 'Implementation' and/or device 'xc7z020'
INFO: [Common 17-349] Got license for feature 'Implementation' and/or device 'xc7z020'
Running DRC as a precondition to command route_design
INFO: [DRC 23-27] Running DRC with 8 threads
INFO: [Vivado_Tcl 4-198] DRC finished with 0 Errors
INFO: [Vivado_Tcl 4-199] Please refer to the DRC report (report_drc) for more information.


Starting Routing Task
INFO: [Route 35-254] Multithreading enabled for route_design using a maximum of 8 CPUs

Phase 1 Build RT Design
Checksum: PlaceDB: 19ff0223 ConstDB: 0 ShapeSum: 221e9f57 RouteDB: 0
Post Restoration Checksum: NetGraph: 3c07cc3 | NumContArr: 11b3ca5b | Constraints: c2a8fa9d | Timing: c2a8fa9d
Phase 1 Build RT Design | Checksum: 19ac63c58

Time (s): cpu = 00:00:18 ; elapsed = 00:00:16 . Memory (MB): peak = 2859.875 ; gain = 38.945 ; free physical = 3036 ; free virtual = 24062

Phase 2 Router Initialization
INFO: [Route 35-64] No timing constraints were detected. The router will operate in resource-optimization mode.

Phase 2.1 Fix Topology Constraints
Phase 2.1 Fix Topology Constraints | Checksum: 19ac63c58

Time (s): cpu = 00:00:18 ; elapsed = 00:00:16 . Memory (MB): peak = 2892.875 ; gain = 71.945 ; free physical = 2994 ; free virtual = 24019

Phase 2.2 Pre Route Cleanup
Phase 2.2 Pre Route Cleanup | Checksum: 19ac63c58

Time (s): cpu = 00:00:18 ; elapsed = 00:00:16 . Memory (MB): peak = 2892.875 ; gain = 71.945 ; free physical = 2994 ; free virtual = 24019

Router Utilization Summary
  Global Vertical Routing Utilization    = 0 %
  Global Horizontal Routing Utilization  = 0 %
  Routable Net Status*
  *Does not include unroutable nets such as driverless and loadless.
  Run report_route_status for detailed report.
  Number of Failed Nets               = 4
    (Failed Nets is the sum of unrouted and partially routed nets)
  Number of Unrouted Nets             = 4
  Number of Partially Routed Nets     = 0
  Number of Node Overlaps             = 0

Phase 2 Router Initialization | Checksum: 19ac63c58

Time (s): cpu = 00:00:19 ; elapsed = 00:00:16 . Memory (MB): peak = 2923.461 ; gain = 102.531 ; free physical = 2954 ; free virtual = 23979

Phase 3 Initial Routing

Phase 3.1 Global Routing
Phase 3.1 Global Routing | Checksum: 19ac63c58

Time (s): cpu = 00:00:19 ; elapsed = 00:00:16 . Memory (MB): peak = 2923.461 ; gain = 102.531 ; free physical = 2954 ; free virtual = 23979

Phase 3.2 Initial Net Routing
 Number of Nodes with overlaps = 0
Phase 3.2 Initial Net Routing | Checksum: 23fd98e5f

Time (s): cpu = 00:00:19 ; elapsed = 00:00:17 . Memory (MB): peak = 2923.461 ; gain = 102.531 ; free physical = 2953 ; free virtual = 23979
Phase 3 Initial Routing | Checksum: 23fd98e5f

Time (s): cpu = 00:00:19 ; elapsed = 00:00:17 . Memory (MB): peak = 2923.461 ; gain = 102.531 ; free physical = 2953 ; free virtual = 23979

Phase 4 Rip-up And Reroute

Phase 4.1 Global Iteration 0
Phase 4.1 Global Iteration 0 | Checksum: 23fd98e5f

Time (s): cpu = 00:00:19 ; elapsed = 00:00:17 . Memory (MB): peak = 2923.461 ; gain = 102.531 ; free physical = 2953 ; free virtual = 23979
Phase 4 Rip-up And Reroute | Checksum: 23fd98e5f

Time (s): cpu = 00:00:19 ; elapsed = 00:00:17 . Memory (MB): peak = 2923.461 ; gain = 102.531 ; free physical = 2953 ; free virtual = 23979

Phase 5 Delay and Skew Optimization
Phase 5 Delay and Skew Optimization | Checksum: 23fd98e5f

Time (s): cpu = 00:00:19 ; elapsed = 00:00:17 . Memory (MB): peak = 2923.461 ; gain = 102.531 ; free physical = 2953 ; free virtual = 23979

Phase 6 Post Hold Fix

Phase 6.1 Hold Fix Iter
Phase 6.1 Hold Fix Iter | Checksum: 23fd98e5f

Time (s): cpu = 00:00:19 ; elapsed = 00:00:17 . Memory (MB): peak = 2923.461 ; gain = 102.531 ; free physical = 2953 ; free virtual = 23979
Phase 6 Post Hold Fix | Checksum: 23fd98e5f

Time (s): cpu = 00:00:19 ; elapsed = 00:00:17 . Memory (MB): peak = 2923.461 ; gain = 102.531 ; free physical = 2953 ; free virtual = 23979

Phase 7 Route finalize

Router Utilization Summary
  Global Vertical Routing Utilization    = 0.00828415 %
  Global Horizontal Routing Utilization  = 0.000760649 %
  Routable Net Status*
  *Does not include unroutable nets such as driverless and loadless.
  Run report_route_status for detailed report.
  Number of Failed Nets               = 0
    (Failed Nets is the sum of unrouted and partially routed nets)
  Number of Unrouted Nets             = 0
  Number of Partially Routed Nets     = 0
  Number of Node Overlaps             = 0


--GLOBAL Congestion:
Utilization threshold used for congestion level computation: 0.85
Congestion Report
North Dir 1x1 Area, Max Cong = 5.40541%, No Congested Regions.
South Dir 1x1 Area, Max Cong = 0%, No Congested Regions.
East Dir 1x1 Area, Max Cong = 2.94118%, No Congested Regions.
West Dir 1x1 Area, Max Cong = 0%, No Congested Regions.

------------------------------
Reporting congestion hotspots
------------------------------
Direction: North
----------------
Congested clusters found at Level 0
Effective congestion level: 0 Aspect Ratio: 1 Sparse Ratio: 0
Direction: South
----------------
Congested clusters found at Level 0
Effective congestion level: 0 Aspect Ratio: 1 Sparse Ratio: 0
Direction: East
----------------
Congested clusters found at Level 0
Effective congestion level: 0 Aspect Ratio: 1 Sparse Ratio: 0
Direction: West
----------------
Congested clusters found at Level 0
Effective congestion level: 0 Aspect Ratio: 1 Sparse Ratio: 0

Phase 7 Route finalize | Checksum: 23fd98e5f

Time (s): cpu = 00:00:19 ; elapsed = 00:00:17 . Memory (MB): peak = 2923.461 ; gain = 102.531 ; free physical = 2953 ; free virtual = 23979

Phase 8 Verifying routed nets

 Verification completed successfully
Phase 8 Verifying routed nets | Checksum: 23fd98e5f

Time (s): cpu = 00:00:19 ; elapsed = 00:00:17 . Memory (MB): peak = 2923.461 ; gain = 102.531 ; free physical = 2953 ; free virtual = 23978

Phase 9 Depositing Routes
Phase 9 Depositing Routes | Checksum: 23fd98e5f

Time (s): cpu = 00:00:19 ; elapsed = 00:00:17 . Memory (MB): peak = 2923.461 ; gain = 102.531 ; free physical = 2953 ; free virtual = 23978
INFO: [Route 35-16] Router Completed Successfully

Phase 10 Post-Route Event Processing
Phase 10 Post-Route Event Processing | Checksum: 9ebd8c02

Time (s): cpu = 00:00:19 ; elapsed = 00:00:17 . Memory (MB): peak = 2923.461 ; gain = 102.531 ; free physical = 2953 ; free virtual = 23979
Ending Routing Task | Checksum: 9ebd8c02

Time (s): cpu = 00:00:19 ; elapsed = 00:00:17 . Memory (MB): peak = 2923.461 ; gain = 102.531 ; free physical = 2953 ; free virtual = 23979

Routing Is Done.
INFO: [Common 17-83] Releasing license: Implementation
60 Infos, 0 Warnings, 0 Critical Warnings and 0 Errors encountered.
route_design completed successfully
route_design: Time (s): cpu = 00:00:19 ; elapsed = 00:00:17 . Memory (MB): peak = 2923.461 ; gain = 152.062 ; free physical = 2953 ; free virtual = 23979
INFO: [runtcl-4] Executing : report_drc -file lab0_top_drc_routed.rpt -pb lab0_top_drc_routed.pb -rpx lab0_top_drc_routed.rpx
Command: report_drc -file lab0_top_drc_routed.rpt -pb lab0_top_drc_routed.pb -rpx lab0_top_drc_routed.rpx
INFO: [IP_Flow 19-1839] IP Catalog is up to date.
INFO: [DRC 23-27] Running DRC with 8 threads
INFO: [Vivado_Tcl 2-168] The results of DRC are in file /home/matt/MAI/ISD/lab0/lab0.runs/impl_1/lab0_top_drc_routed.rpt.
report_drc completed successfully
INFO: [runtcl-4] Executing : report_methodology -file lab0_top_methodology_drc_routed.rpt -pb lab0_top_methodology_drc_routed.pb -rpx lab0_top_methodology_drc_routed.rpx
Command: report_methodology -file lab0_top_methodology_drc_routed.rpt -pb lab0_top_methodology_drc_routed.pb -rpx lab0_top_methodology_drc_routed.rpx
INFO: [Timing 38-35] Done setting XDC timing constraints.
INFO: [DRC 23-133] Running Methodology with 8 threads
INFO: [Vivado_Tcl 2-1520] The results of Report Methodology are in file /home/matt/MAI/ISD/lab0/lab0.runs/impl_1/lab0_top_methodology_drc_routed.rpt.
report_methodology completed successfully
INFO: [runtcl-4] Executing : report_power -file lab0_top_power_routed.rpt -pb lab0_top_power_summary_routed.pb -rpx lab0_top_power_routed.rpx
Command: report_power -file lab0_top_power_routed.rpt -pb lab0_top_power_summary_routed.pb -rpx lab0_top_power_routed.rpx
INFO: [Timing 38-35] Done setting XDC timing constraints.
WARNING: [Power 33-232] No user defined clocks were found in the design! Power estimation will be inaccurate until this is corrected.
Resolution: Please specify clocks using create_clock/create_generated_clock for sequential elements. For pure combinatorial circuits, please specify a virtual clock, otherwise the vectorless estimation might be inaccurate
Running Vector-less Activity Propagation...

Finished Running Vector-less Activity Propagation
70 Infos, 1 Warnings, 0 Critical Warnings and 0 Errors encountered.
report_power completed successfully
INFO: [runtcl-4] Executing : report_route_status -file lab0_top_route_status.rpt -pb lab0_top_route_status.pb
INFO: [runtcl-4] Executing : report_timing_summary -max_paths 10 -report_unconstrained -file lab0_top_timing_summary_routed.rpt -pb lab0_top_timing_summary_routed.pb -rpx lab0_top_timing_summary_routed.rpx -warn_on_violation 
INFO: [Timing 38-91] UpdateTimingParams: Speed grade: -1, Delay Type: min_max.
INFO: [Timing 38-191] Multithreading enabled for timing update using a maximum of 8 CPUs
WARNING: [Timing 38-313] There are no user specified timing constraints. Timing constraints are needed for proper timing analysis.
INFO: [runtcl-4] Executing : report_incremental_reuse -file lab0_top_incremental_reuse_routed.rpt
INFO: [Vivado_Tcl 4-1062] Incremental flow is disabled. No incremental reuse Info to report.
INFO: [runtcl-4] Executing : report_clock_utilization -file lab0_top_clock_utilization_routed.rpt
INFO: [runtcl-4] Executing : report_bus_skew -warn_on_violation -file lab0_top_bus_skew_routed.rpt -pb lab0_top_bus_skew_routed.pb -rpx lab0_top_bus_skew_routed.rpx
INFO: [Timing 38-91] UpdateTimingParams: Speed grade: -1, Delay Type: min_max.
INFO: [Timing 38-191] Multithreading enabled for timing update using a maximum of 8 CPUs
INFO: [Timing 38-480] Writing timing data to binary archive.
Write ShapeDB Complete: Time (s): cpu = 00:00:00 ; elapsed = 00:00:00 . Memory (MB): peak = 3010.438 ; gain = 0.000 ; free physical = 2980 ; free virtual = 24005
Wrote PlaceDB: Time (s): cpu = 00:00:00 ; elapsed = 00:00:00 . Memory (MB): peak = 3010.438 ; gain = 0.000 ; free physical = 2980 ; free virtual = 24005
Wrote PulsedLatchDB: Time (s): cpu = 00:00:00 ; elapsed = 00:00:00 . Memory (MB): peak = 3010.438 ; gain = 0.000 ; free physical = 2980 ; free virtual = 24005
Writing XDEF routing.
Writing XDEF routing logical nets.
Writing XDEF routing special nets.
Wrote RouteStorage: Time (s): cpu = 00:00:00.04 ; elapsed = 00:00:00.02 . Memory (MB): peak = 3010.438 ; gain = 0.000 ; free physical = 2980 ; free virtual = 24005
Wrote Netlist Cache: Time (s): cpu = 00:00:00 ; elapsed = 00:00:00 . Memory (MB): peak = 3010.438 ; gain = 0.000 ; free physical = 2980 ; free virtual = 24005
Wrote Device Cache: Time (s): cpu = 00:00:00.01 ; elapsed = 00:00:00 . Memory (MB): peak = 3010.438 ; gain = 0.000 ; free physical = 2980 ; free virtual = 24006
Write Physdb Complete: Time (s): cpu = 00:00:00.05 ; elapsed = 00:00:00.03 . Memory (MB): peak = 3010.438 ; gain = 0.000 ; free physical = 2980 ; free virtual = 24006
INFO: [Common 17-1381] The checkpoint '/home/matt/MAI/ISD/lab0/lab0.runs/impl_1/lab0_top_routed.dcp' has been generated.
Command: write_bitstream -force lab0_top.bit
Attempting to get a license for feature 'Implementation' and/or device 'xc7z020'
INFO: [Common 17-349] Got license for feature 'Implementation' and/or device 'xc7z020'
Running DRC as a precondition to command write_bitstream
INFO: [IP_Flow 19-1839] IP Catalog is up to date.
INFO: [DRC 23-27] Running DRC with 8 threads
WARNING: [DRC ZPS7-1] PS7 block required: The PS7 cell must be used in this Zynq design in order to enable correct default configuration.
INFO: [Vivado 12-3199] DRC finished with 0 Errors, 1 Warnings
INFO: [Vivado 12-3200] Please refer to the DRC report (report_drc) for more information.
INFO: [Designutils 20-2272] Running write_bitstream with 8 threads.
Loading data files...
Loading site data...
Loading route data...
Processing options...
Creating bitmap...
Creating bitstream...
Writing bitstream ./lab0_top.bit...
INFO: [Vivado 12-1842] Bitgen Completed Successfully.
INFO: [Project 1-1876] WebTalk data collection is mandatory when using a ULT device. To see the specific WebTalk data collected for your design, open the usage_statistics_webtalk.html or usage_statistics_webtalk.xml file in the implementation directory.
INFO: [Common 17-83] Releasing license: Implementation
14 Infos, 1 Warnings, 0 Critical Warnings and 0 Errors encountered.
write_bitstream completed successfully
write_bitstream: Time (s): cpu = 00:00:07 ; elapsed = 00:00:15 . Memory (MB): peak = 3263.152 ; gain = 252.715 ; free physical = 2685 ; free virtual = 23734
INFO: [Common 17-206] Exiting Vivado at Fri Oct  3 09:19:23 2025...
