#-----------------------------------------------------------
# xsim v2023.2 (64-bit)
# SW Build 4029153 on Fri Oct 13 20:13:54 MDT 2023
# IP Build 4028589 on Sat Oct 14 00:45:43 MDT 2023
# SharedData Build 4025554 on Tue Oct 10 17:18:54 MDT 2023
# Start of session at: Fri Oct  3 15:28:35 2025
# Process ID: 374581
# Current directory: /home/matt/MAI/ISD/lab0/lab0.sim/sim_1/behav/xsim
# Command line: xsim -log simulate.log -mode tcl -source {xsim.dir/tb_lab0_top_behav/xsim_script.tcl}
# Log file: /home/matt/MAI/ISD/lab0/lab0.sim/sim_1/behav/xsim/simulate.log
# Journal file: /home/matt/MAI/ISD/lab0/lab0.sim/sim_1/behav/xsim/xsim.jou
# Running On: cachyos-x8664, OS: Linux, CPU Frequency: 2058.000 MHz, CPU Physical cores: 12, Host memory: 16687 MB
#-----------------------------------------------------------
source xsim.dir/tb_lab0_top_behav/xsim_script.tcl
# xsim {tb_lab0_top_behav} -autoloadwcfg -tclbatch {tb_lab0_top.tcl} -key {Behavioral:sim_1:Functional:tb_lab0_top}
Time resolution is 1 ps
source tb_lab0_top.tcl
## set curr_wave [current_wave_config]
## if { [string length $curr_wave] == 0 } {
##   if { [llength [get_objects]] > 0} {
##     add_wave /
##     set_property needs_save false [current_wave_config]
##   } else {
##      send_msg_id Add_Wave-1 WARNING "No top level signals found. Simulator will start without a wave window. If you want to open a wave window go to 'File->New Waveform Configuration' or type 'create_wave_config' in the TCL console."
##   }
## }
## run 1000ns
Time=0 | btn=0000 | led=0000
Time=10000 | btn=0001 | led=0001
Time=20000 | btn=0011 | led=0011
Time=30000 | btn=0110 | led=0110
Time=40000 | btn=1111 | led=1111
$finish called at time : 50 ns : File "/home/matt/MAI/ISD/lab0/lab0.srcs/sim_1/new/lab0_top_tb.v" Line 40
WARNING: [Common 17-259] Unknown Tcl command 'ls' sending command to the OS shell for execution. It is recommended to use 'exec' to send the command to the OS shell.
cd ..
ls
WARNING: [Common 17-259] Unknown Tcl command 'ls' sending command to the OS shell for execution. It is recommended to use 'exec' to send the command to the OS shell.
exit
INFO: [Common 17-206] Exiting xsim at Fri Oct  3 15:32:38 2025...
